<?xml version="1.0" encoding="UTF-8"?>
<!-- Generated by org.testng.reporters.JUnitXMLReporter -->
<testsuite ignored="0" hostname="Rohit" failures="1" tests="1" name="Test" time="0.088" errors="0" timestamp="2025-05-29T22:00:09 IST">
  <testcase classname="CrmProject.ContactModule" name="createContactmodule" time="0.013">
    <failure type="java.lang.Error" message="Unresolved compilation problem: 
	The method contains(CharSequence) in the type String is not applicable for the arguments (SendInputAndSave)
">
      <![CDATA[java.lang.Error: Unresolved compilation problem: 
The method contains(CharSequence) in the type String is not applicable for the arguments (SendInputAndSave)

at CrmProject.ContactModule.createContactmodule(ContactModule.java:96)
at java.base/java.util.ArrayList.forEach(ArrayList.java:1511)
... Removed 27 stack frames]]>
    </failure>
  </testcase> <!-- createContactmodule -->
</testsuite> <!-- Test -->
