<?xml version="1.0" encoding="UTF-8"?>
<!-- Generated by org.testng.reporters.JUnitXMLReporter -->
<testsuite ignored="0" hostname="Rohit" failures="0" tests="4" name="Default test" time="17.197" errors="0" timestamp="2025-06-03T15:40:05 IST">
  <testcase classname="Base_Utility.SourceDemo" name="getDetails" time="4.432"/>
  <testcase classname="Base_Utility.SourceDemo" name="getDetails" time="2.339"/>
  <testcase classname="Base_Utility.SourceDemo" name="getDetails" time="2.346"/>
  <testcase classname="Base_Utility.SourceDemo" name="getDetails" time="8.008"/>
</testsuite> <!-- Default test -->
